This file contains any messages produced by compilers while
running configure, to aid debugging if configure makes a mistake.

It was created by . configure 1, which was
generated by GNU Autoconf 2.71.  Invocation command line was

  $ ./configure

## --------- ##
## Platform. ##
## --------- ##

hostname = MBP-von-Paul.fritz.box
uname -m = x86_64
uname -r = 22.1.0
uname -s = Darwin
uname -v = Darwin Kernel Version 22.1.0: Sun Oct  9 20:14:54 PDT 2022; root:xnu-8792.41.9~2/RELEASE_X86_64

/usr/bin/uname -p = i386
/bin/uname -X     = unknown

/bin/arch              = unknown
/usr/bin/arch -k       = unknown
/usr/convex/getsysinfo = unknown
/usr/bin/hostinfo      = Mach kernel version:
	 Darwin Kernel Version 22.1.0: Sun Oct  9 20:14:54 PDT 2022; root:xnu-8792.41.9~2/RELEASE_X86_64
Kernel configured for up to 12 processors.
6 processors are physically available.
6 processors are logically available.
Processor type: x86_64h (Intel x86-64h Haswell)
Processors active: 0 1 2 3 4 5 6 7 8 9 10 11
Primary memory available: 16.00 gigabytes
Default processor set: 582 tasks, 2486 threads, 12 processors
Load average: 2.37, Mach factor: 9.62
/bin/machine           = unknown
/usr/bin/oslevel       = unknown
/bin/universe          = unknown

PATH: /Users/paul/opt/anaconda3/bin/
PATH: /Users/paul/opt/anaconda3/condabin/
PATH: /Library/Frameworks/Python.framework/Versions/3.11/bin/
PATH: /usr/local/bin/
PATH: /System/Cryptexes/App/usr/bin/
PATH: /usr/bin/
PATH: /bin/
PATH: /usr/sbin/
PATH: /sbin/
PATH: /usr/local/share/dotnet/
PATH: ~/.dotnet/tools/
PATH: /Library/Apple/usr/bin/
PATH: /Library/Frameworks/Mono.framework/Versions/Current/Commands/


## ----------- ##
## Core tests. ##
## ----------- ##

configure:2751: looking for aux files: config.guess config.sub ltmain.sh compile missing install-sh
configure:2764:  trying ./
configure:2793:   ./config.guess found
configure:2793:   ./config.sub found
configure:2793:   ./ltmain.sh found
configure:2793:   ./compile found
configure:2793:   ./missing found
configure:2775:   ./install-sh found
configure:2922: checking for a BSD-compatible install
configure:2995: result: /usr/bin/install -c
configure:3006: checking whether build environment is sane
configure:3061: result: yes
configure:3220: checking for a race-free mkdir -p
configure:3264: result: ./install-sh -c -d
configure:3271: checking for gawk
configure:3306: result: no
configure:3271: checking for mawk
configure:3306: result: no
configure:3271: checking for nawk
configure:3306: result: no
configure:3271: checking for awk
configure:3292: found /usr/bin/awk
configure:3303: result: awk
configure:3314: checking whether make sets $(MAKE)
configure:3337: result: yes
configure:3367: checking whether make supports nested variables
configure:3385: result: yes
configure:3588: checking for gcc
configure:3609: found /usr/bin/gcc
configure:3620: result: gcc
configure:3973: checking for C compiler version
configure:3982: gcc --version >&5
Apple clang version 14.0.0 (clang-1400.0.29.202)
Target: x86_64-apple-darwin22.1.0
Thread model: posix
InstalledDir: /Library/Developer/CommandLineTools/usr/bin
configure:3993: $? = 0
configure:3982: gcc -v >&5
Apple clang version 14.0.0 (clang-1400.0.29.202)
Target: x86_64-apple-darwin22.1.0
Thread model: posix
InstalledDir: /Library/Developer/CommandLineTools/usr/bin
configure:3993: $? = 0
configure:3982: gcc -V >&5
clang: error: argument to '-V' is missing (expected 1 value)
clang: error: no input files
configure:3993: $? = 1
configure:3982: gcc -qversion >&5
clang: error: unknown argument '-qversion'; did you mean '--version'?
clang: error: no input files
configure:3993: $? = 1
configure:3982: gcc -version >&5
clang: error: unknown argument '-version'; did you mean '--version'?
clang: error: no input files
configure:3993: $? = 1
configure:4013: checking whether the C compiler works
configure:4035: gcc    conftest.c  >&5
configure:4039: $? = 0
configure:4089: result: yes
configure:4092: checking for C compiler default output file name
configure:4094: result: a.out
configure:4100: checking for suffix of executables
configure:4107: gcc -o conftest    conftest.c  >&5
configure:4111: $? = 0
configure:4134: result: 
configure:4156: checking whether we are cross compiling
configure:4164: gcc -o conftest    conftest.c  >&5
configure:4168: $? = 0
configure:4175: ./conftest
configure:4179: $? = 0
configure:4194: result: no
configure:4199: checking for suffix of object files
configure:4222: gcc -c   conftest.c >&5
configure:4226: $? = 0
configure:4248: result: o
configure:4252: checking whether the compiler supports GNU C
configure:4272: gcc -c   conftest.c >&5
configure:4272: $? = 0
configure:4282: result: yes
configure:4293: checking whether gcc accepts -g
configure:4314: gcc -c -g  conftest.c >&5
configure:4314: $? = 0
configure:4358: result: yes
configure:4378: checking for gcc option to enable C11 features
configure:4393: gcc  -c -g -O2  conftest.c >&5
configure:4393: $? = 0
configure:4411: result: none needed
configure:4527: checking whether gcc understands -c and -o together
configure:4550: gcc -c conftest.c -o conftest2.o
configure:4553: $? = 0
configure:4550: gcc -c conftest.c -o conftest2.o
configure:4553: $? = 0
configure:4565: result: yes
configure:4585: checking whether make supports the include directive
configure:4600: make -f confmf.GNU && cat confinc.out
this is the am__doit target
configure:4603: $? = 0
configure:4622: result: yes (GNU style)
configure:4648: checking dependency style of gcc
configure:4760: result: gcc3
configure:4844: checking for g++
configure:4865: found /usr/bin/g++
configure:4876: result: g++
configure:4903: checking for C++ compiler version
configure:4912: g++ --version >&5
Apple clang version 14.0.0 (clang-1400.0.29.202)
Target: x86_64-apple-darwin22.1.0
Thread model: posix
InstalledDir: /Library/Developer/CommandLineTools/usr/bin
configure:4923: $? = 0
configure:4912: g++ -v >&5
Apple clang version 14.0.0 (clang-1400.0.29.202)
Target: x86_64-apple-darwin22.1.0
Thread model: posix
InstalledDir: /Library/Developer/CommandLineTools/usr/bin
configure:4923: $? = 0
configure:4912: g++ -V >&5
clang: error: argument to '-V' is missing (expected 1 value)
clang: error: no input files
configure:4923: $? = 1
configure:4912: g++ -qversion >&5
clang: error: unknown argument '-qversion'; did you mean '--version'?
clang: error: no input files
configure:4923: $? = 1
configure:4927: checking whether the compiler supports GNU C++
configure:4947: g++ -c   conftest.cpp >&5
configure:4947: $? = 0
configure:4957: result: yes
configure:4968: checking whether g++ accepts -g
configure:4989: g++ -c -g  conftest.cpp >&5
configure:4989: $? = 0
configure:5033: result: yes
configure:5053: checking for g++ option to enable C++11 features
configure:5068: g++  -c -g -O2  conftest.cpp >&5
conftest.cpp:57:3: error: "Compiler does not advertise C++11 conformance"
# error "Compiler does not advertise C++11 conformance"
  ^
conftest.cpp:62:3: error: unknown type name 'constexpr'
  constexpr int get_val() { return 20; }
  ^
conftest.cpp:74:17: error: delegating constructors are permitted only in C++11
    delegate(): delegate(2354) {}
                ^~~~~~~~
conftest.cpp:85:26: warning: 'override' keyword is a C++11 extension [-Wc++11-extensions]
    virtual int getval() override final { return this->n * 2; }
                         ^
conftest.cpp:85:35: warning: 'final' keyword is a C++11 extension [-Wc++11-extensions]
    virtual int getval() override final { return this->n * 2; }
                                  ^
conftest.cpp:92:16: warning: defaulted function definitions are a C++11 extension [-Wc++11-extensions]
    nocopy() = default;
               ^
conftest.cpp:93:29: warning: deleted function definitions are a C++11 extension [-Wc++11-extensions]
    nocopy(const nocopy&) = delete;
                            ^
conftest.cpp:94:41: warning: deleted function definitions are a C++11 extension [-Wc++11-extensions]
    nocopy & operator=(const nocopy&) = delete;
                                        ^
conftest.cpp:106:25: warning: 'auto' type specifier is a C++11 extension [-Wc++11-extensions]
  template <typename V> auto sum(V first) -> V
                        ^
conftest.cpp:106:25: error: 'auto' not allowed in function return type
  template <typename V> auto sum(V first) -> V
                        ^~~~
conftest.cpp:106:42: error: expected ';' at end of declaration
  template <typename V> auto sum(V first) -> V
                                         ^
                                         ;
conftest.cpp:106:43: error: cannot use arrow operator on a type
  template <typename V> auto sum(V first) -> V
                                          ^
conftest.cpp:110:33: warning: variadic templates are a C++11 extension [-Wc++11-extensions]
  template <typename V, typename... Args> auto sum(V first, Args... rest) -> V
                                ^
conftest.cpp:110:43: warning: 'auto' type specifier is a C++11 extension [-Wc++11-extensions]
  template <typename V, typename... Args> auto sum(V first, Args... rest) -> V
                                          ^
conftest.cpp:110:43: error: 'auto' not allowed in function return type
  template <typename V, typename... Args> auto sum(V first, Args... rest) -> V
                                          ^~~~
conftest.cpp:110:74: error: expected ';' at end of declaration
  template <typename V, typename... Args> auto sum(V first, Args... rest) -> V
                                                                         ^
                                                                         ;
conftest.cpp:110:75: error: cannot use arrow operator on a type
  template <typename V, typename... Args> auto sum(V first, Args... rest) -> V
                                                                          ^
conftest.cpp:134:3: warning: 'auto' type specifier is a C++11 extension [-Wc++11-extensions]
  auto a1 = 6538;
  ^
conftest.cpp:135:3: warning: 'auto' type specifier is a C++11 extension [-Wc++11-extensions]
  auto a2 = 48573953.4;
  ^
conftest.cpp:136:3: warning: 'auto' type specifier is a C++11 extension [-Wc++11-extensions]
  auto a3 = "String literal";
  ^
conftest.cpp:139:8: warning: 'auto' type specifier is a C++11 extension [-Wc++11-extensions]
  for (auto i = a3; *i; ++i) { total += *i; }
       ^
conftest.cpp:155:8: warning: 'auto' type specifier is a C++11 extension [-Wc++11-extensions]
  for (auto &x : array) { x += 23; }
       ^
conftest.cpp:155:16: warning: range-based for loop is a C++11 extension [-Wc++11-extensions]
  for (auto &x : array) { x += 23; }
               ^
conftest.cpp:160:17: error: expected expression
  assert (eval ([](int x) { return x*2; }, 21) == 42);
                ^
conftest.cpp:162:17: error: expected expression
  assert (eval ([&](double x) { return d += x; }, 3.0) == 5.0);
                ^
conftest.cpp:164:17: error: expected expression
  assert (eval ([=](double x) mutable { return d += x; }, 4.0) == 9.0);
                ^
conftest.cpp:170:3: warning: 'auto' type specifier is a C++11 extension [-Wc++11-extensions]
  auto a = sum(1);
  ^
conftest.cpp:170:12: error: no matching function for call to 'sum'
  auto a = sum(1);
           ^~~
conftest.cpp:171:3: warning: 'auto' type specifier is a C++11 extension [-Wc++11-extensions]
  auto b = sum(1, 2);
  ^
conftest.cpp:171:12: error: no matching function for call to 'sum'
  auto b = sum(1, 2);
           ^~~
conftest.cpp:172:3: warning: 'auto' type specifier is a C++11 extension [-Wc++11-extensions]
  auto c = sum(1.0, 2.0, 3.0);
  ^
conftest.cpp:172:12: error: no matching function for call to 'sum'
  auto c = sum(1.0, 2.0, 3.0);
           ^~~
conftest.cpp:177:25: warning: empty parentheses interpreted as a function declaration [-Wvexing-parse]
  cxx11test::delegate d2();
                        ^~
conftest.cpp:177:25: note: remove parentheses to declare a variable
  cxx11test::delegate d2();
                        ^~
conftest.cpp:190:16: error: found '<::' after a template name which forms the digraph '<:' (aka '[') and a ':', did you mean '< ::'?
  test_template<::test_template<int>> v(test_template<int>(12));
               ^~~
               < ::
conftest.cpp:190:36: error: a space is required between consecutive right angle brackets (use '> >')
  test_template<::test_template<int>> v(test_template<int>(12));
                                   ^~
                                   > >
conftest.cpp:194:22: error: use of undeclared identifier 'u8'
  char const *utf8 = u8"UTF-8 string \u2500";
                     ^
conftest.cpp:194:24: error: expected ';' at end of declaration
  char const *utf8 = u8"UTF-8 string \u2500";
                       ^
                       ;
fatal error: too many errors emitted, stopping now [-ferror-limit=]
18 warnings and 20 errors generated.
configure:5068: $? = 1
configure: failed program was:
| /* confdefs.h */
| #define PACKAGE_NAME "."
| #define PACKAGE_TARNAME "-"
| #define PACKAGE_VERSION "1"
| #define PACKAGE_STRING ". 1"
| #define PACKAGE_BUGREPORT ""
| #define PACKAGE_URL ""
| #define PACKAGE "openSMILE"
| #define VERSION "0.0.0"
| /* end confdefs.h.  */
| 
| // Does the compiler advertise C++98 conformance?
| #if !defined __cplusplus || __cplusplus < 199711L
| # error "Compiler does not advertise C++98 conformance"
| #endif
| 
| // These inclusions are to reject old compilers that
| // lack the unsuffixed header files.
| #include <cstdlib>
| #include <exception>
| 
| // <cassert> and <cstring> are *not* freestanding headers in C++98.
| extern void assert (int);
| namespace std {
|   extern int strcmp (const char *, const char *);
| }
| 
| // Namespaces, exceptions, and templates were all added after "C++ 2.0".
| using std::exception;
| using std::strcmp;
| 
| namespace {
| 
| void test_exception_syntax()
| {
|   try {
|     throw "test";
|   } catch (const char *s) {
|     // Extra parentheses suppress a warning when building autoconf itself,
|     // due to lint rules shared with more typical C programs.
|     assert (!(strcmp) (s, "test"));
|   }
| }
| 
| template <typename T> struct test_template
| {
|   T const val;
|   explicit test_template(T t) : val(t) {}
|   template <typename U> T add(U u) { return static_cast<T>(u) + val; }
| };
| 
| } // anonymous namespace
| 
| 
| // Does the compiler advertise C++ 2011 conformance?
| #if !defined __cplusplus || __cplusplus < 201103L
| # error "Compiler does not advertise C++11 conformance"
| #endif
| 
| namespace cxx11test
| {
|   constexpr int get_val() { return 20; }
| 
|   struct testinit
|   {
|     int i;
|     double d;
|   };
| 
|   class delegate
|   {
|   public:
|     delegate(int n) : n(n) {}
|     delegate(): delegate(2354) {}
| 
|     virtual int getval() { return this->n; };
|   protected:
|     int n;
|   };
| 
|   class overridden : public delegate
|   {
|   public:
|     overridden(int n): delegate(n) {}
|     virtual int getval() override final { return this->n * 2; }
|   };
| 
|   class nocopy
|   {
|   public:
|     nocopy(int i): i(i) {}
|     nocopy() = default;
|     nocopy(const nocopy&) = delete;
|     nocopy & operator=(const nocopy&) = delete;
|   private:
|     int i;
|   };
| 
|   // for testing lambda expressions
|   template <typename Ret, typename Fn> Ret eval(Fn f, Ret v)
|   {
|     return f(v);
|   }
| 
|   // for testing variadic templates and trailing return types
|   template <typename V> auto sum(V first) -> V
|   {
|     return first;
|   }
|   template <typename V, typename... Args> auto sum(V first, Args... rest) -> V
|   {
|     return first + sum(rest...);
|   }
| }
| 
| 
| int
| main (int argc, char **argv)
| {
|   int ok = 0;
|   
|   assert (argc);
|   assert (! argv[0]);
| {
|   test_exception_syntax ();
|   test_template<double> tt (2.0);
|   assert (tt.add (4) == 6.0);
|   assert (true && !false);
| }
| 
|   
| {
|   // Test auto and decltype
|   auto a1 = 6538;
|   auto a2 = 48573953.4;
|   auto a3 = "String literal";
| 
|   int total = 0;
|   for (auto i = a3; *i; ++i) { total += *i; }
| 
|   decltype(a2) a4 = 34895.034;
| }
| {
|   // Test constexpr
|   short sa[cxx11test::get_val()] = { 0 };
| }
| {
|   // Test initializer lists
|   cxx11test::testinit il = { 4323, 435234.23544 };
| }
| {
|   // Test range-based for
|   int array[] = {9, 7, 13, 15, 4, 18, 12, 10, 5, 3,
|                  14, 19, 17, 8, 6, 20, 16, 2, 11, 1};
|   for (auto &x : array) { x += 23; }
| }
| {
|   // Test lambda expressions
|   using cxx11test::eval;
|   assert (eval ([](int x) { return x*2; }, 21) == 42);
|   double d = 2.0;
|   assert (eval ([&](double x) { return d += x; }, 3.0) == 5.0);
|   assert (d == 5.0);
|   assert (eval ([=](double x) mutable { return d += x; }, 4.0) == 9.0);
|   assert (d == 5.0);
| }
| {
|   // Test use of variadic templates
|   using cxx11test::sum;
|   auto a = sum(1);
|   auto b = sum(1, 2);
|   auto c = sum(1.0, 2.0, 3.0);
| }
| {
|   // Test constructor delegation
|   cxx11test::delegate d1;
|   cxx11test::delegate d2();
|   cxx11test::delegate d3(45);
| }
| {
|   // Test override and final
|   cxx11test::overridden o1(55464);
| }
| {
|   // Test nullptr
|   char *c = nullptr;
| }
| {
|   // Test template brackets
|   test_template<::test_template<int>> v(test_template<int>(12));
| }
| {
|   // Unicode literals
|   char const *utf8 = u8"UTF-8 string \u2500";
|   char16_t const *utf16 = u"UTF-8 string \u2500";
|   char32_t const *utf32 = U"UTF-32 string \u2500";
| }
| 
|   return ok;
| }
| 
configure:5086: result: none needed
configure:5152: checking dependency style of g++
configure:5264: result: gcc3
configure:5312: checking build system type
configure:5327: result: x86_64-apple-darwin22.1.0
configure:5347: checking host system type
configure:5361: result: x86_64-apple-darwin22.1.0
configure:5402: checking how to print strings
configure:5429: result: printf
configure:5450: checking for a sed that does not truncate output
configure:5520: result: /usr/bin/sed
configure:5538: checking for grep that handles long lines and -e
configure:5602: result: /usr/bin/grep
configure:5607: checking for egrep
configure:5675: result: /usr/bin/grep -E
configure:5680: checking for fgrep
configure:5748: result: /usr/bin/grep -F
configure:5784: checking for ld used by gcc
configure:5852: result: /Library/Developer/CommandLineTools/usr/bin/ld
configure:5859: checking if the linker (/Library/Developer/CommandLineTools/usr/bin/ld) is GNU ld
configure:5875: result: no
configure:5887: checking for BSD- or MS-compatible name lister (nm)
configure:5942: result: /usr/bin/nm -B
configure:6082: checking the name lister (/usr/bin/nm -B) interface
configure:6090: gcc -c -g -O2  conftest.c >&5
configure:6093: /usr/bin/nm -B "conftest.o"
configure:6096: output
0000000000000220 S _some_variable
configure:6103: result: BSD nm
configure:6106: checking whether ln -s works
configure:6110: result: yes
configure:6118: checking the maximum length of command line arguments
configure:6250: result: 786432
configure:6298: checking how to convert x86_64-apple-darwin22.1.0 file names to x86_64-apple-darwin22.1.0 format
configure:6339: result: func_convert_file_noop
configure:6346: checking how to convert x86_64-apple-darwin22.1.0 file names to toolchain format
configure:6367: result: func_convert_file_noop
configure:6374: checking for /Library/Developer/CommandLineTools/usr/bin/ld option to reload object files
configure:6382: result: -r
configure:6461: checking for file
configure:6482: found /usr/bin/file
configure:6493: result: file
configure:6569: checking for objdump
configure:6590: found /usr/bin/objdump
configure:6601: result: objdump
configure:6633: checking how to recognize dependent libraries
configure:6834: result: pass_all
configure:6924: checking for dlltool
configure:6959: result: no
configure:6989: checking how to associate runtime and link libraries
configure:7017: result: printf %s\n
configure:7083: checking for ar
configure:7104: found /Users/paul/opt/anaconda3/bin/ar
configure:7115: result: ar
configure:7168: checking for archiver @FILE support
configure:7186: gcc -c -g -O2  conftest.c >&5
configure:7186: $? = 0
configure:7190: ar cr libconftest.a @conftest.lst >&5
ar: @conftest.lst: No such file or directory
configure:7193: $? = 1
configure:7213: result: no
configure:7276: checking for strip
configure:7297: found /Users/paul/opt/anaconda3/bin/strip
configure:7308: result: strip
configure:7385: checking for ranlib
configure:7406: found /Users/paul/opt/anaconda3/bin/ranlib
configure:7417: result: ranlib
configure:7519: checking command to parse /usr/bin/nm -B output from gcc object
configure:7673: gcc -c -g -O2  conftest.c >&5
configure:7676: $? = 0
configure:7680: /usr/bin/nm -B conftest.o \| /usr/bin/sed -n -e 's/^.*[ ]\([ABCDGIRSTW][ABCDGIRSTW]*\)[ ][ ]*\([_A-Za-z][_A-Za-z0-9]*\)$/\1 \2 \2/p' | /usr/bin/sed '/ __gnu_lto/d' \> conftest.nm
configure:7683: $? = 0
cannot find nm_test_var in conftest.nm
configure:7673: gcc -c -g -O2  conftest.c >&5
configure:7676: $? = 0
configure:7680: /usr/bin/nm -B conftest.o \| /usr/bin/sed -n -e 's/^.*[ ]\([ABCDGIRSTW][ABCDGIRSTW]*\)[ ][ ]*_\([_A-Za-z][_A-Za-z0-9]*\)$/\1 _\2 \2/p' | /usr/bin/sed '/ __gnu_lto/d' \> conftest.nm
configure:7683: $? = 0
configure:7749: gcc -o conftest -g -O2   conftest.c conftstm.o >&5
warning: (x86_64)  could not find object file symbol for symbol _main
configure:7752: $? = 0
configure:7790: result: ok
configure:7837: checking for sysroot
configure:7868: result: no
configure:7875: checking for a working dd
configure:7919: result: /bin/dd
configure:7923: checking how to truncate binary pipes
configure:7939: result: /bin/dd bs=4096 count=1
configure:8276: checking for mt
configure:8311: result: no
configure:8331: checking if : is a manifest tool
configure:8338: : '-?'
configure:8346: result: no
configure:8407: checking for dsymutil
configure:8428: found /usr/bin/dsymutil
configure:8439: result: dsymutil
configure:8509: checking for nmedit
configure:8530: found /Users/paul/opt/anaconda3/bin/nmedit
configure:8541: result: nmedit
configure:8611: checking for lipo
configure:8632: found /Users/paul/opt/anaconda3/bin/lipo
configure:8643: result: lipo
configure:8713: checking for otool
configure:8734: found /Users/paul/opt/anaconda3/bin/otool
configure:8745: result: otool
configure:8815: checking for otool64
configure:8850: result: no
configure:8895: checking for -single_module linker flag
gcc -g -O2  -o libconftest.dylib -dynamiclib -Wl,-single_module conftest.c
configure:8929: result: yes
configure:8932: checking for -exported_symbols_list linker flag
configure:8953: gcc -o conftest -g -O2   -Wl,-exported_symbols_list,conftest.sym conftest.c  >&5
configure:8953: $? = 0
configure:8964: result: yes
configure:8967: checking for -force_load linker flag
gcc -g -O2 -c -o conftest.o conftest.c
ar cr libconftest.a conftest.o
ranlib libconftest.a
gcc -g -O2  -o conftest conftest.c -Wl,-force_load,./libconftest.a
configure:9000: result: yes
configure:9071: checking for stdio.h
configure:9071: gcc -c -g -O2  conftest.c >&5
configure:9071: $? = 0
configure:9071: result: yes
configure:9071: checking for stdlib.h
configure:9071: gcc -c -g -O2  conftest.c >&5
configure:9071: $? = 0
configure:9071: result: yes
configure:9071: checking for string.h
configure:9071: gcc -c -g -O2  conftest.c >&5
configure:9071: $? = 0
configure:9071: result: yes
configure:9071: checking for inttypes.h
configure:9071: gcc -c -g -O2  conftest.c >&5
configure:9071: $? = 0
configure:9071: result: yes
configure:9071: checking for stdint.h
configure:9071: gcc -c -g -O2  conftest.c >&5
configure:9071: $? = 0
configure:9071: result: yes
configure:9071: checking for strings.h
configure:9071: gcc -c -g -O2  conftest.c >&5
configure:9071: $? = 0
configure:9071: result: yes
configure:9071: checking for sys/stat.h
configure:9071: gcc -c -g -O2  conftest.c >&5
configure:9071: $? = 0
configure:9071: result: yes
configure:9071: checking for sys/types.h
configure:9071: gcc -c -g -O2  conftest.c >&5
configure:9071: $? = 0
configure:9071: result: yes
configure:9071: checking for unistd.h
configure:9071: gcc -c -g -O2  conftest.c >&5
configure:9071: $? = 0
configure:9071: result: yes
configure:9096: checking for dlfcn.h
configure:9096: gcc -c -g -O2  conftest.c >&5
configure:9096: $? = 0
configure:9096: result: yes
configure:9366: checking for objdir
configure:9382: result: .libs
configure:9646: checking if gcc supports -fno-rtti -fno-exceptions
configure:9665: gcc -c -g -O2  -fno-rtti -fno-exceptions conftest.c >&5
configure:9669: $? = 0
configure:9682: result: yes
configure:10040: checking for gcc option to produce PIC
configure:10048: result: -fno-common -DPIC
configure:10056: checking if gcc PIC flag -fno-common -DPIC works
configure:10075: gcc -c -g -O2  -fno-common -DPIC -DPIC conftest.c >&5
configure:10079: $? = 0
configure:10092: result: yes
configure:10121: checking if gcc static flag -static works
configure:10150: result: no
configure:10165: checking if gcc supports -c -o file.o
configure:10187: gcc -c -g -O2  -o out/conftest2.o conftest.c >&5
configure:10191: $? = 0
configure:10213: result: yes
configure:10221: checking if gcc supports -c -o file.o
configure:10269: result: yes
configure:10302: checking whether the gcc linker (/Library/Developer/CommandLineTools/usr/bin/ld) supports shared libraries
configure:11570: result: yes
configure:11811: checking dynamic linker characteristics
configure:12632: result: darwin22.1.0 dyld
configure:12754: checking how to hardcode library paths into programs
configure:12779: result: immediate
configure:13331: checking whether stripping libraries is possible
configure:13348: result: yes
configure:13382: checking if libtool supports shared libraries
configure:13384: result: yes
configure:13387: checking whether to build shared libraries
configure:13412: result: yes
configure:13415: checking whether to build static libraries
configure:13419: result: yes
configure:13442: checking how to run the C++ preprocessor
configure:13464: g++ -E  conftest.cpp
configure:13464: $? = 0
configure:13479: g++ -E  conftest.cpp
conftest.cpp:23:10: fatal error: 'ac_nonexistent.h' file not found
#include <ac_nonexistent.h>
         ^~~~~~~~~~~~~~~~~~
1 error generated.
configure:13479: $? = 1
configure: failed program was:
| /* confdefs.h */
| #define PACKAGE_NAME "."
| #define PACKAGE_TARNAME "-"
| #define PACKAGE_VERSION "1"
| #define PACKAGE_STRING ". 1"
| #define PACKAGE_BUGREPORT ""
| #define PACKAGE_URL ""
| #define PACKAGE "openSMILE"
| #define VERSION "0.0.0"
| #define HAVE_STDIO_H 1
| #define HAVE_STDLIB_H 1
| #define HAVE_STRING_H 1
| #define HAVE_INTTYPES_H 1
| #define HAVE_STDINT_H 1
| #define HAVE_STRINGS_H 1
| #define HAVE_SYS_STAT_H 1
| #define HAVE_SYS_TYPES_H 1
| #define HAVE_UNISTD_H 1
| #define STDC_HEADERS 1
| #define HAVE_DLFCN_H 1
| #define LT_OBJDIR ".libs/"
| /* end confdefs.h.  */
| #include <ac_nonexistent.h>
configure:13506: result: g++ -E
configure:13520: g++ -E  conftest.cpp
configure:13520: $? = 0
configure:13535: g++ -E  conftest.cpp
conftest.cpp:23:10: fatal error: 'ac_nonexistent.h' file not found
#include <ac_nonexistent.h>
         ^~~~~~~~~~~~~~~~~~
1 error generated.
configure:13535: $? = 1
configure: failed program was:
| /* confdefs.h */
| #define PACKAGE_NAME "."
| #define PACKAGE_TARNAME "-"
| #define PACKAGE_VERSION "1"
| #define PACKAGE_STRING ". 1"
| #define PACKAGE_BUGREPORT ""
| #define PACKAGE_URL ""
| #define PACKAGE "openSMILE"
| #define VERSION "0.0.0"
| #define HAVE_STDIO_H 1
| #define HAVE_STDLIB_H 1
| #define HAVE_STRING_H 1
| #define HAVE_INTTYPES_H 1
| #define HAVE_STDINT_H 1
| #define HAVE_STRINGS_H 1
| #define HAVE_SYS_STAT_H 1
| #define HAVE_SYS_TYPES_H 1
| #define HAVE_UNISTD_H 1
| #define STDC_HEADERS 1
| #define HAVE_DLFCN_H 1
| #define LT_OBJDIR ".libs/"
| /* end confdefs.h.  */
| #include <ac_nonexistent.h>
configure:13700: checking for ld used by g++
configure:13768: result: /Library/Developer/CommandLineTools/usr/bin/ld
configure:13775: checking if the linker (/Library/Developer/CommandLineTools/usr/bin/ld) is GNU ld
configure:13791: result: no
configure:13846: checking whether the g++ linker (/Library/Developer/CommandLineTools/usr/bin/ld) supports shared libraries
configure:14924: result: yes
configure:14960: g++ -c -g -O2  conftest.cpp >&5
configure:14963: $? = 0
configure:15444: checking for g++ option to produce PIC
configure:15452: result: -fno-common -DPIC
configure:15460: checking if g++ PIC flag -fno-common -DPIC works
configure:15479: g++ -c -g -O2  -fno-common -DPIC -DPIC conftest.cpp >&5
configure:15483: $? = 0
configure:15496: result: yes
configure:15519: checking if g++ static flag -static works
configure:15548: result: no
configure:15560: checking if g++ supports -c -o file.o
configure:15582: g++ -c -g -O2  -o out/conftest2.o conftest.cpp >&5
configure:15586: $? = 0
configure:15608: result: yes
configure:15613: checking if g++ supports -c -o file.o
configure:15661: result: yes
configure:15691: checking whether the g++ linker (/Library/Developer/CommandLineTools/usr/bin/ld) supports shared libraries
configure:15731: result: yes
configure:15873: checking dynamic linker characteristics
configure:16621: result: darwin22.1.0 dyld
configure:16686: checking how to hardcode library paths into programs
configure:16711: result: immediate
configure:16808: checking for libsemaineapi
configure:16829: result: no
configure:16831: WARNING: LibSemaineAPI not found!! Configuring only standalone feature extractor
configure:16921: checking for Pa_Initialize in -lportaudio
configure:16944: gcc -o conftest -g -O2   conftest.c -lportaudio   >&5
configure:16944: $? = 0
configure:16954: result: yes
configure:16958: checking for portaudio.h
configure:16958: gcc -c -g -O2  conftest.c >&5
configure:16958: $? = 0
configure:16958: result: yes
configure:16966: checking for Pa_GetHostApiCount in -lportaudio
configure:16989: gcc -o conftest -g -O2   conftest.c -lportaudio   >&5
configure:16989: $? = 0
configure:16999: result: yes
configure:17217: checking for the pthreads library -lpthreads
configure:17250: gcc -o conftest -g -O2    conftest.c -lpthreads  >&5
conftest.c:30:41: warning: null passed to a callee that requires a non-null argument [-Wnonnull]
                     pthread_attr_init(0); pthread_cleanup_push(0, 0);
                                       ~^
conftest.c:31:44: warning: null passed to a callee that requires a non-null argument [-Wnonnull]
                     pthread_create(0,0,0,0); pthread_cleanup_pop(0);
                                    ~      ^
conftest.c:31:44: warning: null passed to a callee that requires a non-null argument [-Wnonnull]
                     pthread_create(0,0,0,0); pthread_cleanup_pop(0);
                                        ~  ^
3 warnings generated.
ld: library not found for -lpthreads
clang: error: linker command failed with exit code 1 (use -v to see invocation)
configure:17250: $? = 1
configure: failed program was:
| /* confdefs.h */
| #define PACKAGE_NAME "."
| #define PACKAGE_TARNAME "-"
| #define PACKAGE_VERSION "1"
| #define PACKAGE_STRING ". 1"
| #define PACKAGE_BUGREPORT ""
| #define PACKAGE_URL ""
| #define PACKAGE "openSMILE"
| #define VERSION "0.0.0"
| #define HAVE_STDIO_H 1
| #define HAVE_STDLIB_H 1
| #define HAVE_STRING_H 1
| #define HAVE_INTTYPES_H 1
| #define HAVE_STDINT_H 1
| #define HAVE_STRINGS_H 1
| #define HAVE_SYS_STAT_H 1
| #define HAVE_SYS_TYPES_H 1
| #define HAVE_UNISTD_H 1
| #define STDC_HEADERS 1
| #define HAVE_DLFCN_H 1
| #define LT_OBJDIR ".libs/"
| #define HAVE_PORTAUDIO 1
| #define HAVE_PORTAUDIO_V19 1
| /* end confdefs.h.  */
| #include <pthread.h>
| int
| main (void)
| {
| pthread_t th; pthread_join(th, 0);
|                      pthread_attr_init(0); pthread_cleanup_push(0, 0);
|                      pthread_create(0,0,0,0); pthread_cleanup_pop(0);
|   ;
|   return 0;
| }
configure:17260: result: no
configure:17157: checking whether pthreads work without any flags
configure:17250: gcc -o conftest -g -O2    conftest.c   >&5
conftest.c:30:41: warning: null passed to a callee that requires a non-null argument [-Wnonnull]
                     pthread_attr_init(0); pthread_cleanup_push(0, 0);
                                       ~^
conftest.c:31:44: warning: null passed to a callee that requires a non-null argument [-Wnonnull]
                     pthread_create(0,0,0,0); pthread_cleanup_pop(0);
                                    ~      ^
conftest.c:31:44: warning: null passed to a callee that requires a non-null argument [-Wnonnull]
                     pthread_create(0,0,0,0); pthread_cleanup_pop(0);
                                        ~  ^
3 warnings generated.
configure:17250: $? = 0
configure:17260: result: yes
configure:17279: checking for joinable pthread attribute
configure:17294: gcc -o conftest -g -O2    conftest.c   >&5
configure:17294: $? = 0
configure:17301: result: PTHREAD_CREATE_JOINABLE
configure:17309: checking if more special flags are required for pthreads
configure:17316: result: -D_THREAD_SAFE
configure:17488: WARNING: Disabling target SEMAINExtract beacuse libsemaineapi was not found or is not useable
configure:17717: checking that generated files are newer than configure
configure:17723: result: done
configure:17774: creating ./config.status

## ---------------------- ##
## Running config.status. ##
## ---------------------- ##

This file was extended by . config.status 1, which was
generated by GNU Autoconf 2.71.  Invocation command line was

  CONFIG_FILES    = 
  CONFIG_HEADERS  = 
  CONFIG_LINKS    = 
  CONFIG_COMMANDS = 
  $ ./config.status 

on MBP-von-Paul.fritz.box

config.status:1175: creating Makefile
config.status:1175: creating config.h
config.status:1356: config.h is unchanged
config.status:1404: executing depfiles commands
config.status:1481: cd .       && sed -e '/# am--include-marker/d' Makefile         | make -f - am--depfiles
make: Nothing to be done for `am--depfiles'.
config.status:1486: $? = 0
config.status:1404: executing libtool commands

## ---------------- ##
## Cache variables. ##
## ---------------- ##

ac_cv_build=x86_64-apple-darwin22.1.0
ac_cv_c_compiler_gnu=yes
ac_cv_cxx_compiler_gnu=yes
ac_cv_env_CCC_set=
ac_cv_env_CCC_value=
ac_cv_env_CC_set=
ac_cv_env_CC_value=
ac_cv_env_CFLAGS_set=
ac_cv_env_CFLAGS_value=
ac_cv_env_CPPFLAGS_set=
ac_cv_env_CPPFLAGS_value=
ac_cv_env_CXXCPP_set=
ac_cv_env_CXXCPP_value=
ac_cv_env_CXXFLAGS_set=
ac_cv_env_CXXFLAGS_value=
ac_cv_env_CXX_set=
ac_cv_env_CXX_value=
ac_cv_env_LDFLAGS_set=
ac_cv_env_LDFLAGS_value=
ac_cv_env_LIBS_set=
ac_cv_env_LIBS_value=
ac_cv_env_LT_SYS_LIBRARY_PATH_set=
ac_cv_env_LT_SYS_LIBRARY_PATH_value=
ac_cv_env_build_alias_set=
ac_cv_env_build_alias_value=
ac_cv_env_host_alias_set=
ac_cv_env_host_alias_value=
ac_cv_env_target_alias_set=
ac_cv_env_target_alias_value=
ac_cv_header_dlfcn_h=yes
ac_cv_header_inttypes_h=yes
ac_cv_header_portaudio_h=yes
ac_cv_header_stdint_h=yes
ac_cv_header_stdio_h=yes
ac_cv_header_stdlib_h=yes
ac_cv_header_string_h=yes
ac_cv_header_strings_h=yes
ac_cv_header_sys_stat_h=yes
ac_cv_header_sys_types_h=yes
ac_cv_header_unistd_h=yes
ac_cv_host=x86_64-apple-darwin22.1.0
ac_cv_lib_portaudio_Pa_GetHostApiCount=yes
ac_cv_lib_portaudio_Pa_Initialize=yes
ac_cv_objext=o
ac_cv_path_EGREP='/usr/bin/grep -E'
ac_cv_path_FGREP='/usr/bin/grep -F'
ac_cv_path_GREP=/usr/bin/grep
ac_cv_path_SED=/usr/bin/sed
ac_cv_path_install='/usr/bin/install -c'
ac_cv_path_lt_DD=/bin/dd
ac_cv_prog_AWK=awk
ac_cv_prog_CXXCPP='g++ -E'
ac_cv_prog_ac_ct_AR=ar
ac_cv_prog_ac_ct_CC=gcc
ac_cv_prog_ac_ct_CXX=g++
ac_cv_prog_ac_ct_DSYMUTIL=dsymutil
ac_cv_prog_ac_ct_FILECMD=file
ac_cv_prog_ac_ct_LIPO=lipo
ac_cv_prog_ac_ct_NMEDIT=nmedit
ac_cv_prog_ac_ct_OBJDUMP=objdump
ac_cv_prog_ac_ct_OTOOL=otool
ac_cv_prog_ac_ct_RANLIB=ranlib
ac_cv_prog_ac_ct_STRIP=strip
ac_cv_prog_cc_c11=
ac_cv_prog_cc_g=yes
ac_cv_prog_cc_stdc=
ac_cv_prog_cxx_11=no
ac_cv_prog_cxx_g=yes
ac_cv_prog_cxx_stdcxx=
ac_cv_prog_make_make_set=yes
am_cv_CC_dependencies_compiler_type=gcc3
am_cv_CXX_dependencies_compiler_type=gcc3
am_cv_make_support_nested_variables=yes
am_cv_prog_cc_c_o=yes
lt_cv_apple_cc_single_mod=yes
lt_cv_ar_at_file=no
lt_cv_deplibs_check_method=pass_all
lt_cv_file_magic_cmd='$MAGIC_CMD'
lt_cv_file_magic_test_file=
lt_cv_ld_exported_symbols_list=yes
lt_cv_ld_force_load=yes
lt_cv_ld_reload_flag=-r
lt_cv_nm_interface='BSD nm'
lt_cv_objdir=.libs
lt_cv_path_LD=/Library/Developer/CommandLineTools/usr/bin/ld
lt_cv_path_LDCXX=/Library/Developer/CommandLineTools/usr/bin/ld
lt_cv_path_NM='/usr/bin/nm -B'
lt_cv_path_mainfest_tool=no
lt_cv_prog_compiler_c_o=yes
lt_cv_prog_compiler_c_o_CXX=yes
lt_cv_prog_compiler_pic='-fno-common -DPIC'
lt_cv_prog_compiler_pic_CXX='-fno-common -DPIC'
lt_cv_prog_compiler_pic_works=yes
lt_cv_prog_compiler_pic_works_CXX=yes
lt_cv_prog_compiler_rtti_exceptions=yes
lt_cv_prog_compiler_static_works=no
lt_cv_prog_compiler_static_works_CXX=no
lt_cv_prog_gnu_ld=no
lt_cv_prog_gnu_ldcxx=no
lt_cv_sharedlib_from_linklib_cmd='printf %s\n'
lt_cv_sys_global_symbol_pipe='/usr/bin/sed -n -e '\''s/^.*[	 ]\([ABCDGIRSTW][ABCDGIRSTW]*\)[	 ][	 ]*_\([_A-Za-z][_A-Za-z0-9]*\)$/\1 _\2 \2/p'\'' | /usr/bin/sed '\''/ __gnu_lto/d'\'''
lt_cv_sys_global_symbol_to_c_name_address='/usr/bin/sed -n -e '\''s/^: \(.*\) .*$/  {"\1", (void *) 0},/p'\'' -e '\''s/^[ABCDGIRSTW][ABCDGIRSTW]* .* \(.*\)$/  {"\1", (void *) \&\1},/p'\'''
lt_cv_sys_global_symbol_to_c_name_address_lib_prefix='/usr/bin/sed -n -e '\''s/^: \(.*\) .*$/  {"\1", (void *) 0},/p'\'' -e '\''s/^[ABCDGIRSTW][ABCDGIRSTW]* .* \(lib.*\)$/  {"\1", (void *) \&\1},/p'\'' -e '\''s/^[ABCDGIRSTW][ABCDGIRSTW]* .* \(.*\)$/  {"lib\1", (void *) \&\1},/p'\'''
lt_cv_sys_global_symbol_to_cdecl='/usr/bin/sed -n -e '\''s/^T .* \(.*\)$/extern int \1();/p'\'' -e '\''s/^[ABCDGIRSTW][ABCDGIRSTW]* .* \(.*\)$/extern char \1;/p'\'''
lt_cv_sys_global_symbol_to_import=
lt_cv_sys_max_cmd_len=786432
lt_cv_to_host_file_cmd=func_convert_file_noop
lt_cv_to_tool_file_cmd=func_convert_file_noop
lt_cv_truncate_bin='/bin/dd bs=4096 count=1'

## ----------------- ##
## Output variables. ##
## ----------------- ##

ACLOCAL='${SHELL} '\''/Users/paul/Desktop/openEAR-0.1.0/missing'\'' aclocal-1.16'
AMDEPBACKSLASH='\'
AMDEP_FALSE='#'
AMDEP_TRUE=''
AMTAR='$${TAR-tar}'
AM_BACKSLASH='\'
AM_DEFAULT_V='$(AM_DEFAULT_VERBOSITY)'
AM_DEFAULT_VERBOSITY='1'
AM_V='$(V)'
AR='ar'
AUTOCONF='${SHELL} '\''/Users/paul/Desktop/openEAR-0.1.0/missing'\'' autoconf'
AUTOHEADER='${SHELL} '\''/Users/paul/Desktop/openEAR-0.1.0/missing'\'' autoheader'
AUTOMAKE='${SHELL} '\''/Users/paul/Desktop/openEAR-0.1.0/missing'\'' automake-1.16'
AWK='awk'
BUILD_SEMAINExtract_FALSE=''
BUILD_SEMAINExtract_TRUE='#'
BUILD_SMILErec_FALSE=''
BUILD_SMILErec_TRUE='#'
BUILD_SMILEsync_FALSE=''
BUILD_SMILEsync_TRUE='#'
BUILD_SMILExtract_FALSE='#'
BUILD_SMILExtract_TRUE=''
BUILD_audiorecorder_FALSE=''
BUILD_audiorecorder_TRUE='#'
BUILD_audiosplit_FALSE=''
BUILD_audiosplit_TRUE='#'
CC='gcc'
CCDEPMODE='depmode=gcc3'
CFLAGS='-g -O2'
CPPFLAGS=''
CSCOPE='cscope'
CTAGS='ctags'
CXX='g++'
CXXCPP='g++ -E'
CXXDEPMODE='depmode=gcc3'
CXXFLAGS='-g -O2'
CYGPATH_W='echo'
DEFS='-DHAVE_CONFIG_H'
DEPDIR='.deps'
DLIB='-ldl'
DLLTOOL='false'
DSYMUTIL='dsymutil'
DUMPBIN=''
ECHO_C='\c'
ECHO_N=''
ECHO_T=''
EGREP='/usr/bin/grep -E'
ETAGS='etags'
EXEEXT=''
FGREP='/usr/bin/grep -F'
FILECMD='file'
GREP='/usr/bin/grep'
INSTALL_DATA='${INSTALL} -m 644'
INSTALL_PROGRAM='${INSTALL}'
INSTALL_SCRIPT='${INSTALL}'
INSTALL_STRIP_PROGRAM='$(install_sh) -c -s'
LD='/Library/Developer/CommandLineTools/usr/bin/ld'
LDFLAGS=''
LIBOBJS=''
LIBS=''
LIBTOOL='$(SHELL) $(top_builddir)/libtool'
LIPO='lipo'
LN_S='ln -s'
LTLIBOBJS=''
LT_SYS_LIBRARY_PATH=''
MAKEINFO='${SHELL} '\''/Users/paul/Desktop/openEAR-0.1.0/missing'\'' makeinfo'
MANIFEST_TOOL=':'
MKDIR_P='./install-sh -c -d'
NM='/usr/bin/nm -B'
NMEDIT='nmedit'
OBJDUMP='objdump'
OBJEXT='o'
OTOOL64=':'
OTOOL='otool'
PACKAGE='openSMILE'
PACKAGE_BUGREPORT=''
PACKAGE_NAME='.'
PACKAGE_STRING='. 1'
PACKAGE_TARNAME='-'
PACKAGE_URL=''
PACKAGE_VERSION='1'
PATH_SEPARATOR=':'
PORTAUDIO_CPPFLAGS='-I/usr/include'
PORTAUDIO_LDFLAGS='-lportaudio'
PORTAUDIO_ROOT='/usr'
PTHREAD_CC='gcc'
PTHREAD_CFLAGS='-D_THREAD_SAFE '
PTHREAD_LIBS=''
RANLIB='ranlib'
RTNNLLIB_CFLAGS=''
RTNNLLIB_LIBS=''
RTNNLLIB_PREFIX=''
SED='/usr/bin/sed'
SEMAINEAPI_CPPFLAGS=''
SEMAINEAPI_LDFLAGS=''
SEMAINEAPI_ROOT='/Users/paul'
SET_MAKE=''
SHELL='/bin/sh'
STRIP='strip'
VERSION='0.0.0'
ac_ct_AR='ar'
ac_ct_CC='gcc'
ac_ct_CXX='g++'
ac_ct_DUMPBIN=''
acx_pthread_config=''
am__EXEEXT_FALSE=''
am__EXEEXT_TRUE='#'
am__fastdepCC_FALSE='#'
am__fastdepCC_TRUE=''
am__fastdepCXX_FALSE='#'
am__fastdepCXX_TRUE=''
am__include='include'
am__isrc=''
am__leading_dot='.'
am__nodep='_no'
am__quote=''
am__tar='$${TAR-tar} chof - "$$tardir"'
am__untar='$${TAR-tar} xf -'
bindir='${exec_prefix}/bin'
build='x86_64-apple-darwin22.1.0'
build_alias=''
build_cpu='x86_64'
build_os='darwin22.1.0'
build_vendor='apple'
datadir='${datarootdir}'
datarootdir='${prefix}/share'
docdir='${datarootdir}/doc/${PACKAGE_TARNAME}'
dvidir='${docdir}'
exec_prefix='${prefix}'
host='x86_64-apple-darwin22.1.0'
host_alias=''
host_cpu='x86_64'
host_os='darwin22.1.0'
host_vendor='apple'
htmldir='${docdir}'
includedir='${prefix}/include'
infodir='${datarootdir}/info'
install_sh='${SHELL} /Users/paul/Desktop/openEAR-0.1.0/install-sh'
libdir='${exec_prefix}/lib'
libexecdir='${exec_prefix}/libexec'
localedir='${datarootdir}/locale'
localstatedir='${prefix}/var'
mandir='${datarootdir}/man'
mkdir_p='$(MKDIR_P)'
oldincludedir='/usr/include'
pdfdir='${docdir}'
prefix='/usr/local'
program_transform_name='s,x,x,'
psdir='${docdir}'
runstatedir='${localstatedir}/run'
sbindir='${exec_prefix}/sbin'
sharedstatedir='${prefix}/com'
sysconfdir='${prefix}/etc'
target_alias=''

## ----------- ##
## confdefs.h. ##
## ----------- ##

/* confdefs.h */
#define PACKAGE_NAME "."
#define PACKAGE_TARNAME "-"
#define PACKAGE_VERSION "1"
#define PACKAGE_STRING ". 1"
#define PACKAGE_BUGREPORT ""
#define PACKAGE_URL ""
#define PACKAGE "openSMILE"
#define VERSION "0.0.0"
#define HAVE_STDIO_H 1
#define HAVE_STDLIB_H 1
#define HAVE_STRING_H 1
#define HAVE_INTTYPES_H 1
#define HAVE_STDINT_H 1
#define HAVE_STRINGS_H 1
#define HAVE_SYS_STAT_H 1
#define HAVE_SYS_TYPES_H 1
#define HAVE_UNISTD_H 1
#define STDC_HEADERS 1
#define HAVE_DLFCN_H 1
#define LT_OBJDIR ".libs/"
#define HAVE_PORTAUDIO 1
#define HAVE_PORTAUDIO_V19 1
#define HAVE_PTHREAD 1
#define WITH_LIVEREC 1
#define __MACOS 1
#define __HAVENT_GNULIBS 1
#define HAVE_AUTOCONF 1

configure: exit 0
